[     8.315] (--) Log file renamed from "/home/tonyrojsirilawan/.local/share/xorg/Xorg.pid-849.log" to "/home/tonyrojsirilawan/.local/share/xorg/Xorg.0.log"
[     8.319] 
X.Org X Server 1.20.1
X Protocol Version 11, Revision 0
[     8.319] Build Operating System: Linux 4.4.0-138-generic x86_64 Ubuntu
[     8.319] Current Operating System: Linux tony-VirtualBox 4.18.0-13-generic #14-Ubuntu SMP Wed Dec 5 09:04:24 UTC 2018 x86_64
[     8.319] Kernel command line: BOOT_IMAGE=/boot/vmlinuz-4.18.0-13-generic root=UUID=fcb5fdb1-a560-485e-b9a3-d488d058eec4 ro quiet splash
[     8.319] Build Date: 25 October 2018  02:53:34PM
[     8.319] xorg-server 2:1.20.1-3ubuntu2.1 (For technical support please see http://www.ubuntu.com/support) 
[     8.319] Current version of pixman: 0.34.0
[     8.319] 	Before reporting problems, check http://wiki.x.org
	to make sure that you have the latest version.
[     8.319] Markers: (--) probed, (**) from config file, (==) default setting,
	(++) from command line, (!!) notice, (II) informational,
	(WW) warning, (EE) error, (NI) not implemented, (??) unknown.
[     8.319] (==) Log file: "/home/tonyrojsirilawan/.local/share/xorg/Xorg.0.log", Time: Fri Feb  1 12:58:59 2019
[     8.321] (==) Using system config directory "/usr/share/X11/xorg.conf.d"
[     8.323] (==) No Layout section.  Using the first Screen section.
[     8.323] (==) No screen section available. Using defaults.
[     8.323] (**) |-->Screen "Default Screen Section" (0)
[     8.323] (**) |   |-->Monitor "<default monitor>"
[     8.325] (==) No monitor specified for screen "Default Screen Section".
	Using a default monitor configuration.
[     8.325] (==) Automatically adding devices
[     8.325] (==) Automatically enabling devices
[     8.325] (==) Automatically adding GPU devices
[     8.325] (==) Automatically binding GPU devices
[     8.325] (==) Max clients allowed: 256, resource mask: 0x1fffff
[     8.325] (WW) The directory "/usr/share/fonts/X11/cyrillic" does not exist.
[     8.325] 	Entry deleted from font path.
[     8.325] (WW) The directory "/usr/share/fonts/X11/100dpi/" does not exist.
[     8.325] 	Entry deleted from font path.
[     8.325] (WW) The directory "/usr/share/fonts/X11/75dpi/" does not exist.
[     8.325] 	Entry deleted from font path.
[     8.325] (WW) The directory "/usr/share/fonts/X11/100dpi" does not exist.
[     8.325] 	Entry deleted from font path.
[     8.325] (WW) The directory "/usr/share/fonts/X11/75dpi" does not exist.
[     8.325] 	Entry deleted from font path.
[     8.325] (==) FontPath set to:
	/usr/share/fonts/X11/misc,
	/usr/share/fonts/X11/Type1,
	built-ins
[     8.325] (==) ModulePath set to "/usr/lib/xorg/modules"
[     8.325] (II) The server relies on udev to provide the list of input devices.
	If no devices become available, reconfigure udev or disable AutoAddDevices.
[     8.325] (II) Loader magic: 0x55e3bb55b020
[     8.325] (II) Module ABI versions:
[     8.325] 	X.Org ANSI C Emulation: 0.4
[     8.325] 	X.Org Video Driver: 24.0
[     8.325] 	X.Org XInput driver : 24.1
[     8.325] 	X.Org Server Extension : 10.0
[     8.326] (++) using VT number 2

[     8.331] (II) systemd-logind: took control of session /org/freedesktop/login1/session/_31
[     8.332] (II) xfree86: Adding drm device (/dev/dri/card0)
[     8.339] (II) systemd-logind: got fd for /dev/dri/card0 226:0 fd 12 paused 0
[     8.342] (--) PCI:*(0@0:2:0) 15ad:0405:15ad:0405 rev 0, Mem @ 0xf0000000/16777216, 0xf1000000/2097152, I/O @ 0x0000d010/16, BIOS @ 0x????????/131072
[     8.343] (II) LoadModule: "glx"
[     8.348] (II) Loading /usr/lib/xorg/modules/extensions/libglx.so
[     8.362] (II) Module glx: vendor="X.Org Foundation"
[     8.362] 	compiled for 1.20.1, module version = 1.0.0
[     8.362] 	ABI class: X.Org Server Extension, version 10.0
[     8.363] (==) Matched vmware as autoconfigured driver 0
[     8.363] (==) Matched modesetting as autoconfigured driver 1
[     8.363] (==) Matched fbdev as autoconfigured driver 2
[     8.363] (==) Matched vesa as autoconfigured driver 3
[     8.363] (==) Assigned the driver to the xf86ConfigLayout
[     8.363] (II) LoadModule: "vmware"
[     8.363] (II) Loading /usr/lib/xorg/modules/drivers/vmware_drv.so
[     8.581] (II) Module vmware: vendor="X.Org Foundation"
[     8.581] 	compiled for 1.20.0, module version = 13.3.0
[     8.581] 	Module class: X.Org Video Driver
[     8.581] 	ABI class: X.Org Video Driver, version 24.0
[     8.581] (II) LoadModule: "modesetting"
[     8.581] (II) Loading /usr/lib/xorg/modules/drivers/modesetting_drv.so
[     8.585] (II) Module modesetting: vendor="X.Org Foundation"
[     8.585] 	compiled for 1.20.1, module version = 1.20.1
[     8.585] 	Module class: X.Org Video Driver
[     8.585] 	ABI class: X.Org Video Driver, version 24.0
[     8.585] (II) LoadModule: "fbdev"
[     8.586] (II) Loading /usr/lib/xorg/modules/drivers/fbdev_drv.so
[     8.587] (II) Module fbdev: vendor="X.Org Foundation"
[     8.587] 	compiled for 1.20.1, module version = 0.5.0
[     8.587] 	Module class: X.Org Video Driver
[     8.588] 	ABI class: X.Org Video Driver, version 24.0
[     8.588] (II) LoadModule: "vesa"
[     8.588] (II) Loading /usr/lib/xorg/modules/drivers/vesa_drv.so
[     8.589] (II) Module vesa: vendor="X.Org Foundation"
[     8.589] 	compiled for 1.20.0, module version = 2.4.0
[     8.590] 	Module class: X.Org Video Driver
[     8.590] 	ABI class: X.Org Video Driver, version 24.0
[     8.590] (II) vmware: driver for VMware SVGA: vmware0405, vmware0710
[     8.590] (II) modesetting: Driver for Modesetting Kernel Drivers: kms
[     8.590] (II) FBDEV: driver for framebuffer: fbdev
[     8.590] (II) VESA: driver for VESA chipsets: vesa
[     8.590] xf86EnableIOPorts: failed to set IOPL for I/O (Operation not permitted)
[     8.591] (WW) Falling back to old probe method for modesetting
[     8.591] (WW) Falling back to old probe method for fbdev
[     8.591] (II) Loading sub module "fbdevhw"
[     8.591] (II) LoadModule: "fbdevhw"
[     8.591] (II) Loading /usr/lib/xorg/modules/libfbdevhw.so
[     8.593] (II) Module fbdevhw: vendor="X.Org Foundation"
[     8.593] 	compiled for 1.20.1, module version = 0.0.2
[     8.593] 	ABI class: X.Org Video Driver, version 24.0
[     8.593] (EE) open /dev/fb0: Permission denied
[     8.593] (WW) VGA arbiter: cannot open kernel arbiter, no multi-card support
[     8.593] (II) vmware(0): Creating default Display subsection in Screen section
	"Default Screen Section" for depth/fbbpp 24/32
[     8.593] (--) vmware(0): DRM driver version is 2.14.1
[     8.593] (==) vmware(0): Depth 24, (--) framebuffer bpp 32
[     8.594] (==) vmware(0): RGB weight 888
[     8.594] (==) vmware(0): Default visual is TrueColor
[     8.594] (--) vmware(0): Min width 1, Max Width 8192.
[     8.594] (--) vmware(0): Min height 1, Max Height 8192.
[     8.594] (II) vmware(0): Output Virtual1 has no monitor section
[     8.594] (II) vmware(0): Output Virtual2 has no monitor section
[     8.594] (II) vmware(0): Output Virtual3 has no monitor section
[     8.594] (II) vmware(0): Output Virtual4 has no monitor section
[     8.595] (II) vmware(0): Output Virtual5 has no monitor section
[     8.595] (II) vmware(0): Output Virtual6 has no monitor section
[     8.595] (II) vmware(0): Output Virtual7 has no monitor section
[     8.595] (II) vmware(0): Output Virtual8 has no monitor section
[     8.595] (II) vmware(0): Printing probed modes for output Virtual1
[     8.596] (II) vmware(0): Modeline "800x600"x60.0   42.75  800 850 900 950  600 650 700 750 -hsync +vsync (45.0 kHz eP)
[     8.596] (II) vmware(0): Modeline "2560x1600"x60.0  348.50  2560 2752 3032 3504  1600 1603 1609 1658 -hsync +vsync (99.5 kHz e)
[     8.596] (II) vmware(0): Modeline "1920x1440"x60.0  234.00  1920 2048 2256 2600  1440 1441 1444 1500 -hsync +vsync (90.0 kHz e)
[     8.596] (II) vmware(0): Modeline "1856x1392"x60.0  218.25  1856 1952 2176 2528  1392 1393 1396 1439 -hsync +vsync (86.3 kHz e)
[     8.596] (II) vmware(0): Modeline "1792x1344"x60.0  204.75  1792 1920 2120 2448  1344 1345 1348 1394 -hsync +vsync (83.6 kHz e)
[     8.597] (II) vmware(0): Modeline "1920x1200"x59.9  193.25  1920 2056 2256 2592  1200 1203 1209 1245 -hsync +vsync (74.6 kHz e)
[     8.597] (II) vmware(0): Modeline "1600x1200"x60.0  162.00  1600 1664 1856 2160  1200 1201 1204 1250 +hsync +vsync (75.0 kHz e)
[     8.597] (II) vmware(0): Modeline "1680x1050"x60.0  146.25  1680 1784 1960 2240  1050 1053 1059 1089 -hsync +vsync (65.3 kHz e)
[     8.597] (II) vmware(0): Modeline "1400x1050"x60.0  121.75  1400 1488 1632 1864  1050 1053 1057 1089 -hsync +vsync (65.3 kHz e)
[     8.598] (II) vmware(0): Modeline "1280x1024"x60.0  108.00  1280 1328 1440 1688  1024 1025 1028 1066 +hsync +vsync (64.0 kHz e)
[     8.598] (II) vmware(0): Modeline "1440x900"x59.9  106.50  1440 1520 1672 1904  900 903 909 934 -hsync +vsync (55.9 kHz e)
[     8.598] (II) vmware(0): Modeline "1280x960"x60.0  108.00  1280 1376 1488 1800  960 961 964 1000 +hsync +vsync (60.0 kHz e)
[     8.598] (II) vmware(0): Modeline "1360x768"x60.0   85.50  1360 1424 1536 1792  768 771 777 795 +hsync +vsync (47.7 kHz e)
[     8.598] (II) vmware(0): Modeline "1280x800"x59.8   83.50  1280 1352 1480 1680  800 803 809 831 +hsync -vsync (49.7 kHz e)
[     8.598] (II) vmware(0): Modeline "1152x864"x75.0  108.00  1152 1216 1344 1600  864 865 868 900 +hsync +vsync (67.5 kHz e)
[     8.598] (II) vmware(0): Modeline "1280x768"x59.9   79.50  1280 1344 1472 1664  768 771 778 798 -hsync +vsync (47.8 kHz e)
[     8.598] (II) vmware(0): Modeline "1024x768"x60.0   65.00  1024 1048 1184 1344  768 771 777 806 -hsync -vsync (48.4 kHz e)
[     8.598] (II) vmware(0): Modeline "800x600"x60.3   40.00  800 840 968 1056  600 601 605 628 +hsync +vsync (37.9 kHz e)
[     8.598] (II) vmware(0): Modeline "640x480"x59.9   25.18  640 656 752 800  480 489 492 525 -hsync -vsync (31.5 kHz e)
[     8.598] (II) vmware(0): EDID for output Virtual2
[     8.598] (II) vmware(0): EDID for output Virtual3
[     8.598] (II) vmware(0): EDID for output Virtual4
[     8.598] (II) vmware(0): EDID for output Virtual5
[     8.598] (II) vmware(0): EDID for output Virtual6
[     8.598] (II) vmware(0): EDID for output Virtual7
[     8.598] (II) vmware(0): EDID for output Virtual8
[     8.598] (II) vmware(0): Output Virtual1 connected
[     8.598] (II) vmware(0): Output Virtual2 disconnected
[     8.598] (II) vmware(0): Output Virtual3 disconnected
[     8.598] (II) vmware(0): Output Virtual4 disconnected
[     8.598] (II) vmware(0): Output Virtual5 disconnected
[     8.598] (II) vmware(0): Output Virtual6 disconnected
[     8.598] (II) vmware(0): Output Virtual7 disconnected
[     8.598] (II) vmware(0): Output Virtual8 disconnected
[     8.598] (II) vmware(0): Using exact sizes for initial modes
[     8.598] (II) vmware(0): Output Virtual1 using initial mode 800x600 +0+0
[     8.598] (==) vmware(0): DPI set to (96, 96)
[     8.598] (==) vmware(0): Using gamma correction (1.0, 1.0, 1.0)
[     8.598] (II) Loading sub module "fb"
[     8.598] (II) LoadModule: "fb"
[     8.598] (II) Loading /usr/lib/xorg/modules/libfb.so
[     8.602] (II) Module fb: vendor="X.Org Foundation"
[     8.602] 	compiled for 1.20.1, module version = 1.0.0
[     8.602] 	ABI class: X.Org ANSI C Emulation, version 0.4
[     8.602] (II) Loading sub module "dri2"
[     8.602] (II) LoadModule: "dri2"
[     8.602] (II) Module "dri2" already built-in
[     8.602] (II) Loading sub module "dri3"
[     8.602] (II) LoadModule: "dri3"
[     8.602] (II) Module "dri3" already built-in
[     8.602] (II) UnloadModule: "modesetting"
[     8.602] (II) Unloading modesetting
[     8.602] (II) UnloadModule: "fbdev"
[     8.603] (II) Unloading fbdev
[     8.603] (II) UnloadSubModule: "fbdevhw"
[     8.603] (II) Unloading fbdevhw
[     8.603] (II) UnloadModule: "vesa"
[     8.603] (II) Unloading vesa
[     8.606] (II) vmware(0): Initialized VMWARE_CTRL extension version 0.2
[     8.613] (WW) vmware(0): Failed to initialize Gallium3D Xa. No render acceleration available.
[     8.613] (WW) vmware(0): Skipped initialization of direct rendering due to lack of render acceleration.
[     8.613] (--) vmware(0): Render acceleration is disabled.
[     8.613] (==) vmware(0): Rendercheck mode is disabled.
[     8.614] (--) vmware(0): Direct rendering (DRI2 3D) is disabled.
[     8.614] (--) vmware(0): Direct rendering (DRI3 3D) is disabled.
[     8.614] (==) vmware(0): Backing store enabled
[     8.615] (==) vmware(0): Silken mouse enabled
[     8.618] (==) vmware(0): DPMS enabled
[     8.619] (II) vmware(0): No 3D acceleration. Not setting up textured video.
[     8.619] (WW) vmware(0): Disabling Xv because no adaptors could be initialized.
[     8.619] (II) Initializing extension Generic Event Extension
[     8.620] (II) Initializing extension SHAPE
[     8.621] (II) Initializing extension MIT-SHM
[     8.621] (II) Initializing extension XInputExtension
[     8.623] (II) Initializing extension XTEST
[     8.624] (II) Initializing extension BIG-REQUESTS
[     8.625] (II) Initializing extension SYNC
[     8.625] (II) Initializing extension XKEYBOARD
[     8.626] (II) Initializing extension XC-MISC
[     8.627] (II) Initializing extension SECURITY
[     8.627] (II) Initializing extension XFIXES
[     8.628] (II) Initializing extension RENDER
[     8.629] (II) Initializing extension RANDR
[     8.630] (II) Initializing extension COMPOSITE
[     8.631] (II) Initializing extension DAMAGE
[     8.631] (II) Initializing extension MIT-SCREEN-SAVER
[     8.632] (II) Initializing extension DOUBLE-BUFFER
[     8.632] (II) Initializing extension RECORD
[     8.633] (II) Initializing extension DPMS
[     8.634] (II) Initializing extension Present
[     8.635] (II) Initializing extension DRI3
[     8.635] (II) Initializing extension X-Resource
[     8.635] (II) Initializing extension XVideo
[     8.636] (II) Initializing extension XVideo-MotionCompensation
[     8.636] (II) Initializing extension SELinux
[     8.637] (II) SELinux: Disabled on system
[     8.637] (II) Initializing extension GLX
[     8.638] (II) AIGLX: Screen 0 is not DRI2 capable
[     8.707] (II) IGLX: Loaded and initialized swrast
[     8.707] (II) GLX: Initialized DRISWRAST GL provider for screen 0
[     8.708] (II) Initializing extension XFree86-VidModeExtension
[     8.708] (II) Initializing extension XFree86-DGA
[     8.708] (II) Initializing extension XFree86-DRI
[     8.708] (II) Initializing extension DRI2
[     8.711] (II) vmware(0): Setting screen physical size to 211 x 158
[     8.796] (II) config/udev: Adding input device Power Button (/dev/input/event0)
[     8.796] (**) Power Button: Applying InputClass "libinput keyboard catchall"
[     8.796] (II) LoadModule: "libinput"
[     8.796] (II) Loading /usr/lib/xorg/modules/input/libinput_drv.so
[     8.803] (II) Module libinput: vendor="X.Org Foundation"
[     8.803] 	compiled for 1.20.1, module version = 0.28.1
[     8.804] 	Module class: X.Org XInput Driver
[     8.804] 	ABI class: X.Org XInput driver, version 24.1
[     8.804] (II) Using input driver 'libinput' for 'Power Button'
[     8.807] (II) systemd-logind: got fd for /dev/input/event0 13:64 fd 20 paused 0
[     8.807] (**) Power Button: always reports core events
[     8.807] (**) Option "Device" "/dev/input/event0"
[     8.807] (**) Option "_source" "server/udev"
[     8.826] (II) event0  - Power Button: is tagged by udev as: Keyboard
[     8.826] (II) event0  - Power Button: device is a keyboard
[     8.826] (II) event0  - Power Button: device removed
[     8.827] (**) Option "config_info" "udev:/sys/devices/LNXSYSTM:00/LNXPWRBN:00/input/input0/event0"
[     8.827] (II) XINPUT: Adding extended input device "Power Button" (type: KEYBOARD, id 6)
[     8.827] (**) Option "xkb_model" "pc105"
[     8.828] (**) Option "xkb_layout" "us"
[     8.831] (II) event0  - Power Button: is tagged by udev as: Keyboard
[     8.831] (II) event0  - Power Button: device is a keyboard
[     8.833] (II) config/udev: Adding input device Sleep Button (/dev/input/event1)
[     8.833] (**) Sleep Button: Applying InputClass "libinput keyboard catchall"
[     8.834] (II) Using input driver 'libinput' for 'Sleep Button'
[     8.841] (II) systemd-logind: got fd for /dev/input/event1 13:65 fd 23 paused 0
[     8.841] (**) Sleep Button: always reports core events
[     8.841] (**) Option "Device" "/dev/input/event1"
[     8.841] (**) Option "_source" "server/udev"
[     8.844] (II) event1  - Sleep Button: is tagged by udev as: Keyboard
[     8.844] (II) event1  - Sleep Button: device is a keyboard
[     8.845] (II) event1  - Sleep Button: device removed
[     8.845] (**) Option "config_info" "udev:/sys/devices/LNXSYSTM:00/LNXSLPBN:00/input/input1/event1"
[     8.845] (II) XINPUT: Adding extended input device "Sleep Button" (type: KEYBOARD, id 7)
[     8.845] (**) Option "xkb_model" "pc105"
[     8.846] (**) Option "xkb_layout" "us"
[     8.850] (II) event1  - Sleep Button: is tagged by udev as: Keyboard
[     8.850] (II) event1  - Sleep Button: device is a keyboard
[     8.851] (II) config/udev: Adding input device Video Bus (/dev/input/event5)
[     8.851] (**) Video Bus: Applying InputClass "libinput keyboard catchall"
[     8.851] (II) Using input driver 'libinput' for 'Video Bus'
[     8.854] (II) systemd-logind: got fd for /dev/input/event5 13:69 fd 24 paused 0
[     8.854] (**) Video Bus: always reports core events
[     8.854] (**) Option "Device" "/dev/input/event5"
[     8.854] (**) Option "_source" "server/udev"
[     8.855] (II) event5  - Video Bus: is tagged by udev as: Keyboard
[     8.855] (II) event5  - Video Bus: device is a keyboard
[     8.856] (II) event5  - Video Bus: device removed
[     8.856] (**) Option "config_info" "udev:/sys/devices/LNXSYSTM:00/LNXSYBUS:00/PNP0A03:00/LNXVIDEO:00/input/input6/event5"
[     8.856] (II) XINPUT: Adding extended input device "Video Bus" (type: KEYBOARD, id 8)
[     8.856] (**) Option "xkb_model" "pc105"
[     8.856] (**) Option "xkb_layout" "us"
[     8.857] (II) event5  - Video Bus: is tagged by udev as: Keyboard
[     8.857] (II) event5  - Video Bus: device is a keyboard
[     8.858] (II) config/udev: Adding input device VirtualBox mouse integration (/dev/input/event6)
[     8.858] (**) VirtualBox mouse integration: Applying InputClass "libinput pointer catchall"
[     8.859] (II) Using input driver 'libinput' for 'VirtualBox mouse integration'
[     8.861] (II) systemd-logind: got fd for /dev/input/event6 13:70 fd 25 paused 0
[     8.862] (**) VirtualBox mouse integration: always reports core events
[     8.862] (**) Option "Device" "/dev/input/event6"
[     8.862] (**) Option "_source" "server/udev"
[     8.864] (II) event6  - VirtualBox mouse integration: is tagged by udev as: Mouse
[     8.864] (II) event6  - VirtualBox mouse integration: device is a pointer
[     8.864] (II) event6  - VirtualBox mouse integration: device removed
[     8.864] (**) Option "config_info" "udev:/sys/devices/pci0000:00/0000:00:04.0/input/input7/event6"
[     8.864] (II) XINPUT: Adding extended input device "VirtualBox mouse integration" (type: MOUSE, id 9)
[     8.865] (**) Option "AccelerationScheme" "none"
[     8.865] (**) VirtualBox mouse integration: (accel) selected scheme none/0
[     8.865] (**) VirtualBox mouse integration: (accel) acceleration factor: 2.000
[     8.865] (**) VirtualBox mouse integration: (accel) acceleration threshold: 4
[     8.866] (II) event6  - VirtualBox mouse integration: is tagged by udev as: Mouse
[     8.866] (II) event6  - VirtualBox mouse integration: device is a pointer
[     8.867] (II) config/udev: Adding input device VirtualBox mouse integration (/dev/input/js1)
[     8.867] (II) No input driver specified, ignoring this device.
[     8.867] (II) This device may have been added with another device file.
[     8.867] (II) config/udev: Adding input device VirtualBox USB Tablet (/dev/input/event4)
[     8.868] (**) VirtualBox USB Tablet: Applying InputClass "libinput pointer catchall"
[     8.868] (II) Using input driver 'libinput' for 'VirtualBox USB Tablet'
[     8.930] (II) systemd-logind: got fd for /dev/input/event4 13:68 fd 26 paused 0
[     8.930] (**) VirtualBox USB Tablet: always reports core events
[     8.930] (**) Option "Device" "/dev/input/event4"
[     8.930] (**) Option "_source" "server/udev"
[     8.932] (II) event4  - VirtualBox USB Tablet: is tagged by udev as: Mouse
[     8.932] (II) event4  - VirtualBox USB Tablet: device is a pointer
[     8.932] (II) event4  - VirtualBox USB Tablet: device removed
[     8.932] (**) Option "config_info" "udev:/sys/devices/pci0000:00/0000:00:06.0/usb1/1-1/1-1:1.0/0003:80EE:0021.0001/input/input5/event4"
[     8.932] (II) XINPUT: Adding extended input device "VirtualBox USB Tablet" (type: MOUSE, id 10)
[     8.933] (**) Option "AccelerationScheme" "none"
[     8.933] (**) VirtualBox USB Tablet: (accel) selected scheme none/0
[     8.933] (**) VirtualBox USB Tablet: (accel) acceleration factor: 2.000
[     8.933] (**) VirtualBox USB Tablet: (accel) acceleration threshold: 4
[     8.934] (II) event4  - VirtualBox USB Tablet: is tagged by udev as: Mouse
[     8.935] (II) event4  - VirtualBox USB Tablet: device is a pointer
[     8.935] (II) config/udev: Adding input device VirtualBox USB Tablet (/dev/input/js0)
[     8.935] (II) No input driver specified, ignoring this device.
[     8.935] (II) This device may have been added with another device file.
[     8.936] (II) config/udev: Adding input device VirtualBox USB Tablet (/dev/input/mouse1)
[     8.936] (II) No input driver specified, ignoring this device.
[     8.936] (II) This device may have been added with another device file.
[     8.937] (II) config/udev: Adding input device AT Translated Set 2 keyboard (/dev/input/event2)
[     8.937] (**) AT Translated Set 2 keyboard: Applying InputClass "libinput keyboard catchall"
[     8.937] (II) Using input driver 'libinput' for 'AT Translated Set 2 keyboard'
[     8.939] (II) systemd-logind: got fd for /dev/input/event2 13:66 fd 27 paused 0
[     8.939] (**) AT Translated Set 2 keyboard: always reports core events
[     8.939] (**) Option "Device" "/dev/input/event2"
[     8.939] (**) Option "_source" "server/udev"
[     8.941] (II) event2  - AT Translated Set 2 keyboard: is tagged by udev as: Keyboard
[     8.941] (II) event2  - AT Translated Set 2 keyboard: device is a keyboard
[     8.942] (II) event2  - AT Translated Set 2 keyboard: device removed
[     8.942] (**) Option "config_info" "udev:/sys/devices/platform/i8042/serio0/input/input2/event2"
[     8.942] (II) XINPUT: Adding extended input device "AT Translated Set 2 keyboard" (type: KEYBOARD, id 11)
[     8.942] (**) Option "xkb_model" "pc105"
[     8.942] (**) Option "xkb_layout" "us"
[     8.943] (II) event2  - AT Translated Set 2 keyboard: is tagged by udev as: Keyboard
[     8.943] (II) event2  - AT Translated Set 2 keyboard: device is a keyboard
[     8.944] (II) config/udev: Adding input device ImExPS/2 Generic Explorer Mouse (/dev/input/event3)
[     8.944] (**) ImExPS/2 Generic Explorer Mouse: Applying InputClass "libinput pointer catchall"
[     8.944] (II) Using input driver 'libinput' for 'ImExPS/2 Generic Explorer Mouse'
[     8.946] (II) systemd-logind: got fd for /dev/input/event3 13:67 fd 28 paused 0
[     8.946] (**) ImExPS/2 Generic Explorer Mouse: always reports core events
[     8.946] (**) Option "Device" "/dev/input/event3"
[     8.947] (**) Option "_source" "server/udev"
[     8.948] (II) event3  - ImExPS/2 Generic Explorer Mouse: is tagged by udev as: Mouse
[     8.948] (II) event3  - ImExPS/2 Generic Explorer Mouse: device is a pointer
[     8.948] (II) event3  - ImExPS/2 Generic Explorer Mouse: device removed
[     8.948] (**) Option "config_info" "udev:/sys/devices/platform/i8042/serio1/input/input4/event3"
[     8.948] (II) XINPUT: Adding extended input device "ImExPS/2 Generic Explorer Mouse" (type: MOUSE, id 12)
[     8.948] (**) Option "AccelerationScheme" "none"
[     8.949] (**) ImExPS/2 Generic Explorer Mouse: (accel) selected scheme none/0
[     8.949] (**) ImExPS/2 Generic Explorer Mouse: (accel) acceleration factor: 2.000
[     8.949] (**) ImExPS/2 Generic Explorer Mouse: (accel) acceleration threshold: 4
[     8.950] (II) event3  - ImExPS/2 Generic Explorer Mouse: is tagged by udev as: Mouse
[     8.950] (II) event3  - ImExPS/2 Generic Explorer Mouse: device is a pointer
[     8.951] (II) config/udev: Adding input device ImExPS/2 Generic Explorer Mouse (/dev/input/mouse0)
[     8.951] (II) No input driver specified, ignoring this device.
[     8.951] (II) This device may have been added with another device file.
